Determining if the pthread_create exist failed with the following output:
Change Dir: /home/vadim/git_repos/SBRWVI/source/Rpi/build/CMakeFiles/CMakeTmp

Run Build Command:"/usr/bin/make" "cmTC_4c592/fast"
/usr/bin/make -f CMakeFiles/cmTC_4c592.dir/build.make CMakeFiles/cmTC_4c592.dir/build
make[1]: вход в каталог «/home/vadim/git_repos/SBRWVI/source/Rpi/build/CMakeFiles/CMakeTmp»
Building C object CMakeFiles/cmTC_4c592.dir/CheckSymbolExists.c.o
/usr/bin/cc     -o CMakeFiles/cmTC_4c592.dir/CheckSymbolExists.c.o   -c /home/vadim/git_repos/SBRWVI/source/Rpi/build/CMakeFiles/CMakeTmp/CheckSymbolExists.c
Linking C executable cmTC_4c592
/usr/bin/cmake -E cmake_link_script CMakeFiles/cmTC_4c592.dir/link.txt --verbose=1
/usr/bin/cc       CMakeFiles/cmTC_4c592.dir/CheckSymbolExists.c.o  -o cmTC_4c592 -rdynamic 
CMakeFiles/cmTC_4c592.dir/CheckSymbolExists.c.o: In function `main':
CheckSymbolExists.c:(.text+0x16): undefined reference to `pthread_create'
collect2: error: ld returned 1 exit status
CMakeFiles/cmTC_4c592.dir/build.make:97: ошибка выполнения рецепта для цели «cmTC_4c592»
make[1]: *** [cmTC_4c592] Ошибка 1
make[1]: выход из каталога «/home/vadim/git_repos/SBRWVI/source/Rpi/build/CMakeFiles/CMakeTmp»
Makefile:126: ошибка выполнения рецепта для цели «cmTC_4c592/fast»
make: *** [cmTC_4c592/fast] Ошибка 2

File /home/vadim/git_repos/SBRWVI/source/Rpi/build/CMakeFiles/CMakeTmp/CheckSymbolExists.c:
/* */
#include <pthread.h>

int main(int argc, char** argv)
{
  (void)argv;
#ifndef pthread_create
  return ((int*)(&pthread_create))[argc];
#else
  (void)argc;
  return 0;
#endif
}

Determining if the function pthread_create exists in the pthreads failed with the following output:
Change Dir: /home/vadim/git_repos/SBRWVI/source/Rpi/build/CMakeFiles/CMakeTmp

Run Build Command:"/usr/bin/make" "cmTC_ce38d/fast"
/usr/bin/make -f CMakeFiles/cmTC_ce38d.dir/build.make CMakeFiles/cmTC_ce38d.dir/build
make[1]: вход в каталог «/home/vadim/git_repos/SBRWVI/source/Rpi/build/CMakeFiles/CMakeTmp»
Building C object CMakeFiles/cmTC_ce38d.dir/CheckFunctionExists.c.o
/usr/bin/cc    -DCHECK_FUNCTION_EXISTS=pthread_create   -o CMakeFiles/cmTC_ce38d.dir/CheckFunctionExists.c.o   -c /usr/share/cmake-3.5/Modules/CheckFunctionExists.c
Linking C executable cmTC_ce38d
/usr/bin/cmake -E cmake_link_script CMakeFiles/cmTC_ce38d.dir/link.txt --verbose=1
/usr/bin/cc   -DCHECK_FUNCTION_EXISTS=pthread_create    CMakeFiles/cmTC_ce38d.dir/CheckFunctionExists.c.o  -o cmTC_ce38d -rdynamic -lpthreads 
/usr/bin/ld: cannot find -lpthreads
collect2: error: ld returned 1 exit status
CMakeFiles/cmTC_ce38d.dir/build.make:97: ошибка выполнения рецепта для цели «cmTC_ce38d»
make[1]: *** [cmTC_ce38d] Ошибка 1
make[1]: выход из каталога «/home/vadim/git_repos/SBRWVI/source/Rpi/build/CMakeFiles/CMakeTmp»
Makefile:126: ошибка выполнения рецепта для цели «cmTC_ce38d/fast»
make: *** [cmTC_ce38d/fast] Ошибка 2


